C:/Program Files/Krita (x64)/bin/ffmpeg.exe -hide_banner -y -y -r 24 -start_number 0 -start_number_range 1 -i C:/Users/arrob/Documents/website/frame%04d.png -i C:/Users/arrob/Documents/website/KritaTempPalettegen_%06d.png -lavfi [0:v][1:v]paletteuse=dither=sierra2_4a:diff_mode=none -f gif -loop 0 -gifflags +transdiff C:/Users/arrob/Documents/website/oranje_logos.gif
=====================================================
Input #0, image2, from 'C:/Users/arrob/Documents/website/frame%04d.png':
  Duration: 00:00:04.04, start: 0.000000, bitrate: N/A
  Stream #0:0: Video: png, rgba(pc), 669x373 [SAR 2834:2834 DAR 669:373], 25 fps, 25 tbr, 25 tbn, 25 tbc
Input #1, image2, from 'C:/Users/arrob/Documents/website/KritaTempPalettegen_%06d.png':
  Duration: 00:00:00.04, start: 0.000000, bitrate: N/A
  Stream #1:0: Video: png, rgba(pc), 16x16 [SAR 1:1 DAR 1:1], 25 fps, 25 tbr, 25 tbn, 25 tbc
Stream mapping:
  Stream #0:0 (png) -> paletteuse:default
  Stream #1:0 (png) -> paletteuse:palette
  paletteuse -> Stream #0:0 (gif)
Press [q] to stop, [?] for help
[image2 @ 000001618f20a680] Thread message queue blocking; consider raising the thread_queue_size option (current value: 8)
Output #0, gif, to 'C:/Users/arrob/Documents/website/oranje_logos.gif':
  Metadata:
    encoder         : Lavf58.76.100
  Stream #0:0: Video: gif, pal8(pc, gbr/unknown/unknown, progressive), 669x373 [SAR 1:1 DAR 669:373], q=2-31, 200 kb/s, 24 fps, 100 tbn (default)
    Metadata:
      encoder         : Lavc58.134.100 gif
frame=    1 fps=0.0 q=-0.0 size=       0kB time=00:00:00.01 bitrate=   0.0kbits/s speed=0.317x    frame=   20 fps=0.0 q=-0.0 size=      58kB time=00:00:00.80 bitrate= 599.0kbits/s speed= 1.5x    frame=   41 fps= 39 q=-0.0 size=     192kB time=00:00:01.68 bitrate= 934.9kbits/s speed= 1.6x    frame=   65 fps= 41 q=-0.0 size=     256kB time=00:00:02.68 bitrate= 782.5kbits/s speed= 1.7x    frame=   89 fps= 43 q=-0.0 size=     512kB time=00:00:03.68 bitrate=1139.8kbits/s speed=1.77x    frame=  101 fps= 43 q=-0.0 Lsize=     681kB time=00:00:04.18 bitrate=1335.5kbits/s speed=1.78x    
video:681kB audio:0kB subtitle:0kB other streams:0kB global headers:0kB muxing overhead: 0.002866%
